<?xml version="1.0" encoding="UTF-8"?>
<robot generator="Robot 4.1 (Python 3.9.6 on win32)" generated="20210802 15:30:23.588" rpa="false" schemaversion="2">
<suite id="s1" name="loginErrado" source="C:\Users\rkawa\OneDrive\Automacao\POC_RobotFramework\tests\loginErrado.robot">
<test id="s1-t1" name="Login no Sistema email errado">
<kw name="Tentativa de Login">
<arg>${EMPTY}</arg>
<arg>123456</arg>
<arg>An email address required.</arg>
<kw name="Dado que esteja na tela de autenticação" library="kwsLogin">
<kw name="Open Session" library="KwsBeginSession">
<kw name="Open Browser" library="SeleniumLibrary">
<arg>${URL}</arg>
<arg>${BROWSER}</arg>
<doc>Opens a new browser instance to the optional ``url``.</doc>
<msg timestamp="20210802 15:30:24.460" level="INFO">Opening browser 'Chrome' to base url 'http://automationpractice.com/index.php'.</msg>
<status status="PASS" starttime="20210802 15:30:24.460" endtime="20210802 15:30:37.499"/>
</kw>
<kw name="Title Should Be" library="SeleniumLibrary">
<arg>My Store</arg>
<doc>Verifies that the current page title equals ``title``.</doc>
<msg timestamp="20210802 15:30:37.509" level="INFO">Page title is 'My Store'.</msg>
<status status="PASS" starttime="20210802 15:30:37.500" endtime="20210802 15:30:37.509"/>
</kw>
<kw name="Maximize Browser Window" library="SeleniumLibrary">
<doc>Maximizes current browser window.</doc>
<status status="PASS" starttime="20210802 15:30:37.509" endtime="20210802 15:30:37.632"/>
</kw>
<status status="PASS" starttime="20210802 15:30:24.460" endtime="20210802 15:30:37.632"/>
</kw>
<kw name="Wait Until Element Is Visible" library="SeleniumLibrary">
<arg>xpath=//a[contains(text(),'Sign in')]</arg>
<arg>5</arg>
<doc>Waits until the element ``locator`` is visible.</doc>
<status status="PASS" starttime="20210802 15:30:37.632" endtime="20210802 15:30:37.673"/>
</kw>
<kw name="Click Element" library="SeleniumLibrary">
<arg>xpath=//a[contains(text(),'Sign in')]</arg>
<doc>Click the element identified by ``locator``.</doc>
<msg timestamp="20210802 15:30:37.674" level="INFO">Clicking element 'xpath=//a[contains(text(),'Sign in')]'.</msg>
<status status="PASS" starttime="20210802 15:30:37.673" endtime="20210802 15:30:48.249"/>
</kw>
<status status="PASS" starttime="20210802 15:30:24.459" endtime="20210802 15:30:48.250"/>
</kw>
<kw name="Quando realizar a autenticação" library="kwsLogin">
<arg>${email}</arg>
<arg>${pwd}</arg>
<kw name="Wait Until Element Is Visible" library="SeleniumLibrary">
<arg>id=email</arg>
<arg>5</arg>
<doc>Waits until the element ``locator`` is visible.</doc>
<status status="PASS" starttime="20210802 15:30:48.252" endtime="20210802 15:30:48.296"/>
</kw>
<kw name="Input Text" library="SeleniumLibrary">
<arg>id=email</arg>
<arg>${email}</arg>
<doc>Types the given ``text`` into the text field identified by ``locator``.</doc>
<msg timestamp="20210802 15:30:48.296" level="INFO">Typing text '' into text field 'id=email'.</msg>
<status status="PASS" starttime="20210802 15:30:48.296" endtime="20210802 15:30:48.390"/>
</kw>
<kw name="Wait Until Element Is Visible" library="SeleniumLibrary">
<arg>id=passwd</arg>
<arg>5</arg>
<doc>Waits until the element ``locator`` is visible.</doc>
<status status="PASS" starttime="20210802 15:30:48.391" endtime="20210802 15:30:48.426"/>
</kw>
<kw name="Input Text" library="SeleniumLibrary">
<arg>id=passwd</arg>
<arg>${pwd}</arg>
<doc>Types the given ``text`` into the text field identified by ``locator``.</doc>
<msg timestamp="20210802 15:30:48.427" level="INFO">Typing text '123456' into text field 'id=passwd'.</msg>
<status status="PASS" starttime="20210802 15:30:48.426" endtime="20210802 15:30:48.575"/>
</kw>
<kw name="Capture Page Screenshot" library="SeleniumLibrary">
<arg>telaLogon.png</arg>
<doc>Takes a screenshot of the current page and embeds it into a log file.</doc>
<kw name="Capture Page Screenshot" library="SeleniumLibrary">
<doc>Takes a screenshot of the current page and embeds it into a log file.</doc>
<msg timestamp="20210802 15:30:49.274" level="INFO" html="true">&lt;/td&gt;&lt;/tr&gt;&lt;tr&gt;&lt;td colspan="3"&gt;&lt;a href="selenium-screenshot-40.png"&gt;&lt;img src="selenium-screenshot-40.png" width="800px"&gt;&lt;/a&gt;</msg>
<status status="PASS" starttime="20210802 15:30:49.049" endtime="20210802 15:30:49.274"/>
</kw>
<msg timestamp="20210802 15:30:49.291" level="FAIL">Failed to save screenshot 'C:\Users\rkawa\OneDrive\Automacao\POC_RobotFramework\results\telaLogon.png'.</msg>
<status status="FAIL" starttime="20210802 15:30:48.576" endtime="20210802 15:30:49.291"/>
</kw>
<kw name="Click Element" library="SeleniumLibrary">
<arg>css=#SubmitLogin</arg>
<doc>Click the element identified by ``locator``.</doc>
<status status="NOT RUN" starttime="20210802 15:30:49.291" endtime="20210802 15:30:49.291"/>
</kw>
<status status="FAIL" starttime="20210802 15:30:48.250" endtime="20210802 15:30:49.291"/>
</kw>
<kw name="Então sistema irá negar o acesso" library="kwsLogin">
<arg>${MESSAGEERROR}</arg>
<status status="NOT RUN" starttime="20210802 15:30:49.291" endtime="20210802 15:30:49.291"/>
</kw>
<status status="FAIL" starttime="20210802 15:30:24.458" endtime="20210802 15:30:49.291"/>
</kw>
<status status="FAIL" starttime="20210802 15:30:24.457" endtime="20210802 15:30:49.299">Failed to save screenshot 'C:\Users\rkawa\OneDrive\Automacao\POC_RobotFramework\results\telaLogon.png'.</status>
</test>
<test id="s1-t2" name="Login no sistema senha errado">
<kw name="Tentativa de Login">
<arg>rkawakubo@gmail.com</arg>
<arg>${EMPTY}</arg>
<arg>Password is required.</arg>
<kw name="Dado que esteja na tela de autenticação" library="kwsLogin">
<kw name="Open Session" library="KwsBeginSession">
<kw name="Open Browser" library="SeleniumLibrary">
<arg>${URL}</arg>
<arg>${BROWSER}</arg>
<doc>Opens a new browser instance to the optional ``url``.</doc>
<msg timestamp="20210802 15:30:49.309" level="INFO">Opening browser 'Chrome' to base url 'http://automationpractice.com/index.php'.</msg>
<status status="PASS" starttime="20210802 15:30:49.308" endtime="20210802 15:30:50.975"/>
</kw>
<kw name="Title Should Be" library="SeleniumLibrary">
<arg>My Store</arg>
<doc>Verifies that the current page title equals ``title``.</doc>
<kw name="Capture Page Screenshot" library="SeleniumLibrary">
<doc>Takes a screenshot of the current page and embeds it into a log file.</doc>
<msg timestamp="20210802 15:30:51.190" level="INFO" html="true">&lt;/td&gt;&lt;/tr&gt;&lt;tr&gt;&lt;td colspan="3"&gt;&lt;a href="selenium-screenshot-41.png"&gt;&lt;img src="selenium-screenshot-41.png" width="800px"&gt;&lt;/a&gt;</msg>
<status status="PASS" starttime="20210802 15:30:50.993" endtime="20210802 15:30:51.190"/>
</kw>
<msg timestamp="20210802 15:30:51.199" level="FAIL">Title should have been 'My Store' but was '508 Resource Limit Is Reached'.</msg>
<status status="FAIL" starttime="20210802 15:30:50.976" endtime="20210802 15:30:51.200"/>
</kw>
<kw name="Maximize Browser Window" library="SeleniumLibrary">
<doc>Maximizes current browser window.</doc>
<status status="NOT RUN" starttime="20210802 15:30:51.200" endtime="20210802 15:30:51.200"/>
</kw>
<status status="FAIL" starttime="20210802 15:30:49.307" endtime="20210802 15:30:51.200"/>
</kw>
<kw name="Wait Until Element Is Visible" library="SeleniumLibrary">
<arg>xpath=//a[contains(text(),'Sign in')]</arg>
<arg>5</arg>
<doc>Waits until the element ``locator`` is visible.</doc>
<status status="NOT RUN" starttime="20210802 15:30:51.200" endtime="20210802 15:30:51.200"/>
</kw>
<kw name="Click Element" library="SeleniumLibrary">
<arg>xpath=//a[contains(text(),'Sign in')]</arg>
<doc>Click the element identified by ``locator``.</doc>
<status status="NOT RUN" starttime="20210802 15:30:51.200" endtime="20210802 15:30:51.200"/>
</kw>
<status status="FAIL" starttime="20210802 15:30:49.306" endtime="20210802 15:30:51.200"/>
</kw>
<kw name="Quando realizar a autenticação" library="kwsLogin">
<arg>${email}</arg>
<arg>${pwd}</arg>
<status status="NOT RUN" starttime="20210802 15:30:51.200" endtime="20210802 15:30:51.200"/>
</kw>
<kw name="Então sistema irá negar o acesso" library="kwsLogin">
<arg>${MESSAGEERROR}</arg>
<status status="NOT RUN" starttime="20210802 15:30:51.200" endtime="20210802 15:30:51.200"/>
</kw>
<status status="FAIL" starttime="20210802 15:30:49.304" endtime="20210802 15:30:51.212"/>
</kw>
<status status="FAIL" starttime="20210802 15:30:49.302" endtime="20210802 15:30:51.213">Title should have been 'My Store' but was '508 Resource Limit Is Reached'.</status>
</test>
<status status="FAIL" starttime="20210802 15:30:23.594" endtime="20210802 15:30:51.214"/>
</suite>
<statistics>
<total>
<stat pass="0" fail="2" skip="0">All Tests</stat>
</total>
<tag>
</tag>
<suite>
<stat pass="0" fail="2" skip="0" id="s1" name="loginErrado">loginErrado</stat>
</suite>
</statistics>
<errors>
<msg timestamp="20210802 15:30:24.401" level="ERROR">Error in file 'C:\Users\rkawa\OneDrive\Automacao\POC_RobotFramework\resources\KwsBeginSession.robot' on line 7: Setting 'Suite Setup' is not allowed in resource file.</msg>
<msg timestamp="20210802 15:30:24.402" level="ERROR">Error in file 'C:\Users\rkawa\OneDrive\Automacao\POC_RobotFramework\resources\KwsBeginSession.robot' on line 8: Setting 'Suite Teardown' is not allowed in resource file.</msg>
<msg timestamp="20210802 15:30:24.452" level="ERROR">Error in file 'C:\Users\rkawa\OneDrive\Automacao\POC_RobotFramework\resources\kwsAutenticacao.robot' on line 4: Setting 'Test Template' is not allowed in resource file.</msg>
</errors>
</robot>
